RUN	com.testingexcellence.simulations.CreateSimulation	createsimulation	1559244082284	 	3.1.2
USER	Testes Funcionais Conector IMS	1	START	1559244084024	1559244084024
REQUEST	1		Request - IMS - Code 200	1559244084079	1559244084245	OK	 
REQUEST	1		Request - IMS - Code 422	1559244084288	1559244084469	KO	status.find.is(422), but actually found 200
USER	Testes Funcionais Conector IMS	1	END	1559244084024	1559244084493
USER	Testes Funcionais Conector IMS	2	START	1559244084523	1559244084523
REQUEST	2		Request - IMS - Code 200	1559244084527	1559244084694	OK	 
REQUEST	2		Request - IMS - Code 422	1559244084696	1559244084838	KO	status.find.is(422), but actually found 200
USER	Testes Funcionais Conector IMS	2	END	1559244084523	1559244084841
USER	Testes Funcionais Conector IMS	3	START	1559244085019	1559244085019
REQUEST	3		Request - IMS - Code 200	1559244085020	1559244085161	OK	 
REQUEST	3		Request - IMS - Code 422	1559244085162	1559244085297	KO	status.find.is(422), but actually found 200
USER	Testes Funcionais Conector IMS	3	END	1559244085019	1559244085300
USER	Testes Funcionais Conector IMS	4	START	1559244085518	1559244085518
REQUEST	4		Request - IMS - Code 200	1559244085519	1559244085652	OK	 
REQUEST	4		Request - IMS - Code 422	1559244085653	1559244085792	KO	status.find.is(422), but actually found 200
USER	Testes Funcionais Conector IMS	4	END	1559244085518	1559244085795
USER	Testes Funcionais Conector IMS	5	START	1559244086023	1559244086023
REQUEST	5		Request - IMS - Code 200	1559244086024	1559244086163	OK	 
REQUEST	5		Request - IMS - Code 422	1559244086164	1559244086303	KO	status.find.is(422), but actually found 200
USER	Testes Funcionais Conector IMS	5	END	1559244086023	1559244086305
USER	Testes Funcionais Conector IMS	6	START	1559244086518	1559244086518
REQUEST	6		Request - IMS - Code 200	1559244086519	1559244086659	OK	 
REQUEST	6		Request - IMS - Code 422	1559244086660	1559244086792	KO	status.find.is(422), but actually found 200
USER	Testes Funcionais Conector IMS	6	END	1559244086518	1559244086795
USER	Testes Funcionais Conector IMS	7	START	1559244087021	1559244087021
REQUEST	7		Request - IMS - Code 200	1559244087022	1559244087153	OK	 
REQUEST	7		Request - IMS - Code 422	1559244087154	1559244087291	KO	status.find.is(422), but actually found 200
USER	Testes Funcionais Conector IMS	7	END	1559244087021	1559244087294
USER	Testes Funcionais Conector IMS	8	START	1559244087509	1559244087509
REQUEST	8		Request - IMS - Code 200	1559244087510	1559244087646	OK	 
REQUEST	8		Request - IMS - Code 422	1559244087647	1559244087779	KO	status.find.is(422), but actually found 200
USER	Testes Funcionais Conector IMS	8	END	1559244087509	1559244087781
USER	Testes Funcionais Conector IMS	9	START	1559244088010	1559244088010
REQUEST	9		Request - IMS - Code 200	1559244088011	1559244088152	OK	 
REQUEST	9		Request - IMS - Code 422	1559244088153	1559244088288	KO	status.find.is(422), but actually found 200
USER	Testes Funcionais Conector IMS	9	END	1559244088010	1559244088290
USER	Testes Funcionais Conector IMS	10	START	1559244088520	1559244088520
REQUEST	10		Request - IMS - Code 200	1559244088521	1559244088652	OK	 
REQUEST	10		Request - IMS - Code 422	1559244088652	1559244088791	KO	status.find.is(422), but actually found 200
USER	Testes Funcionais Conector IMS	10	END	1559244088520	1559244088793
