RUN	com.testingexcellence.simulations.CreateSimulation	createsimulation	1559329003133	 	3.1.2
USER	Testes Funcionais Conector IMS	1	START	1559329004947	1559329004947
REQUEST	1		Request - IMS - Code 200	1559329004995	1559329005291	OK	 
REQUEST	1		Request - IMS - Code 422	1559329005340	1559329005417	KO	status.find.is(422), but actually found 200
USER	Testes Funcionais Conector IMS	2	START	1559329005435	1559329005435
USER	Testes Funcionais Conector IMS	1	END	1559329004947	1559329005439
REQUEST	2		Request - IMS - Code 200	1559329005437	1559329005507	OK	 
REQUEST	2		Request - IMS - Code 422	1559329005508	1559329005573	KO	status.find.is(422), but actually found 200
USER	Testes Funcionais Conector IMS	2	END	1559329005435	1559329005576
USER	Testes Funcionais Conector IMS	3	START	1559329005934	1559329005934
REQUEST	3		Request - IMS - Code 200	1559329005936	1559329006012	OK	 
REQUEST	3		Request - IMS - Code 422	1559329006013	1559329006078	KO	status.find.is(422), but actually found 200
USER	Testes Funcionais Conector IMS	3	END	1559329005934	1559329006080
USER	Testes Funcionais Conector IMS	4	START	1559329006436	1559329006436
REQUEST	4		Request - IMS - Code 200	1559329006438	1559329006514	OK	 
REQUEST	4		Request - IMS - Code 422	1559329006515	1559329006579	KO	status.find.is(422), but actually found 200
USER	Testes Funcionais Conector IMS	4	END	1559329006436	1559329006582
USER	Testes Funcionais Conector IMS	5	START	1559329006946	1559329006946
REQUEST	5		Request - IMS - Code 200	1559329006948	1559329007030	OK	 
REQUEST	5		Request - IMS - Code 422	1559329007031	1559329007095	KO	status.find.is(422), but actually found 200
USER	Testes Funcionais Conector IMS	5	END	1559329006946	1559329007098
USER	Testes Funcionais Conector IMS	6	START	1559329007425	1559329007425
REQUEST	6		Request - IMS - Code 200	1559329007426	1559329007496	OK	 
REQUEST	6		Request - IMS - Code 422	1559329007497	1559329007563	KO	status.find.is(422), but actually found 200
USER	Testes Funcionais Conector IMS	6	END	1559329007425	1559329007566
USER	Testes Funcionais Conector IMS	7	START	1559329007924	1559329007924
REQUEST	7		Request - IMS - Code 200	1559329007926	1559329007993	OK	 
REQUEST	7		Request - IMS - Code 422	1559329007994	1559329008057	KO	status.find.is(422), but actually found 200
USER	Testes Funcionais Conector IMS	7	END	1559329007924	1559329008059
USER	Testes Funcionais Conector IMS	8	START	1559329008426	1559329008426
REQUEST	8		Request - IMS - Code 200	1559329008426	1559329008488	OK	 
REQUEST	8		Request - IMS - Code 422	1559329008489	1559329008552	KO	status.find.is(422), but actually found 200
USER	Testes Funcionais Conector IMS	8	END	1559329008426	1559329008555
USER	Testes Funcionais Conector IMS	9	START	1559329008926	1559329008926
REQUEST	9		Request - IMS - Code 200	1559329008929	1559329008998	OK	 
REQUEST	9		Request - IMS - Code 422	1559329008999	1559329009061	KO	status.find.is(422), but actually found 200
USER	Testes Funcionais Conector IMS	9	END	1559329008926	1559329009064
USER	Testes Funcionais Conector IMS	10	START	1559329009434	1559329009434
REQUEST	10		Request - IMS - Code 200	1559329009435	1559329009492	OK	 
REQUEST	10		Request - IMS - Code 422	1559329009493	1559329009553	KO	status.find.is(422), but actually found 200
USER	Testes Funcionais Conector IMS	10	END	1559329009434	1559329009555
