RUN	com.testingexcellence.simulations.CreateSimulation	createsimulation	1559931201444	 	3.1.2
USER	Testes Funcionais Conector IMS	1	START	1559931203184	1559931203184
REQUEST	1		Request - IMS - Code 200	1559931203237	1559931203367	OK	 
USER	Testes Funcionais Conector IMS	2	START	1559931203686	1559931203686
REQUEST	2		Request - IMS - Code 200	1559931203687	1559931203766	OK	 
USER	Testes Funcionais Conector IMS	3	START	1559931204185	1559931204185
REQUEST	1		Request - IMS - Code 422	1559931204185	1559931204256	KO	status.find.is(422), but actually found 200
REQUEST	3		Request - IMS - Code 200	1559931204186	1559931204277	OK	 
REQUEST	2		Request - IMS - Code 422	1559931204585	1559931204640	KO	status.find.is(422), but actually found 200
USER	Testes Funcionais Conector IMS	4	START	1559931204683	1559931204683
REQUEST	4		Request - IMS - Code 200	1559931204684	1559931204753	OK	 
REQUEST	3		Request - IMS - Code 422	1559931205092	1559931205148	KO	status.find.is(422), but actually found 200
USER	Testes Funcionais Conector IMS	5	START	1559931205182	1559931205182
REQUEST	5		Request - IMS - Code 200	1559931205184	1559931205256	OK	 
REQUEST	4		Request - IMS - Code 422	1559931205563	1559931205621	KO	status.find.is(422), but actually found 200
USER	Testes Funcionais Conector IMS	6	START	1559931205682	1559931205682
REQUEST	6		Request - IMS - Code 200	1559931205683	1559931205758	OK	 
REQUEST	5		Request - IMS - Code 422	1559931206075	1559931206137	KO	status.find.is(422), but actually found 200
USER	Testes Funcionais Conector IMS	7	START	1559931206184	1559931206184
REQUEST	7		Request - IMS - Code 200	1559931206185	1559931206255	OK	 
REQUEST	6		Request - IMS - Code 422	1559931206573	1559931206638	KO	status.find.is(422), but actually found 200
USER	Testes Funcionais Conector IMS	8	START	1559931206684	1559931206684
REQUEST	8		Request - IMS - Code 200	1559931206685	1559931206741	OK	 
REQUEST	7		Request - IMS - Code 422	1559931207074	1559931207144	KO	status.find.is(422), but actually found 200
USER	Testes Funcionais Conector IMS	9	START	1559931207185	1559931207185
REQUEST	9		Request - IMS - Code 200	1559931207186	1559931207250	OK	 
USER	Testes Funcionais Conector IMS	1	END	1559931203184	1559931207477
REQUEST	8		Request - IMS - Code 422	1559931207553	1559931207606	KO	status.find.is(422), but actually found 200
USER	Testes Funcionais Conector IMS	10	START	1559931207682	1559931207682
REQUEST	10		Request - IMS - Code 200	1559931207683	1559931207739	OK	 
USER	Testes Funcionais Conector IMS	2	END	1559931203686	1559931207856
REQUEST	9		Request - IMS - Code 422	1559931208064	1559931208126	KO	status.find.is(422), but actually found 200
USER	Testes Funcionais Conector IMS	3	END	1559931204185	1559931208364
REQUEST	10		Request - IMS - Code 422	1559931208554	1559931208624	KO	status.find.is(422), but actually found 200
USER	Testes Funcionais Conector IMS	4	END	1559931204683	1559931208847
USER	Testes Funcionais Conector IMS	5	END	1559931205182	1559931209353
USER	Testes Funcionais Conector IMS	6	END	1559931205682	1559931209857
USER	Testes Funcionais Conector IMS	7	END	1559931206184	1559931210346
USER	Testes Funcionais Conector IMS	8	END	1559931206684	1559931210828
USER	Testes Funcionais Conector IMS	9	END	1559931207185	1559931211345
USER	Testes Funcionais Conector IMS	10	END	1559931207682	1559931211837
