RUN	com.testingexcellence.simulations.CreateSimulation	createsimulation	1559220079806	 	3.1.2
USER	Cen치rios de Testes Funcionais Conector X0	2	START	1559220081534	1559220081534
USER	Cen치rios de Testes Funcionais Conector IMS	1	START	1559220081531	1559220081531
REQUEST	1		Conector IMS HttpCode 200	1559220081580	1559220081726	OK	 
REQUEST	2		Conector XO HttpCode 200	1559220081580	1559220081726	OK	 
REQUEST	1		Conector IMS HttpCode 200 Redirect 1	1559220081746	1559220081889	OK	 
REQUEST	2		Conector XO HttpCode 200 Redirect 1	1559220081746	1559220081882	OK	 
REQUEST	1		Conector IMS HttpCode 422	1559220081895	1559220081963	OK	 
REQUEST	2		Conector XO HttpCode 400	1559220081895	1559220081965	OK	 
REQUEST	2		Conector XO HttpCode 400 Redirect 1	1559220081965	1559220082092	OK	 
USER	Cen치rios de Testes Funcionais Conector X0	2	END	1559220081534	1559220082096
REQUEST	1		Conector IMS HttpCode 422 Redirect 1	1559220081964	1559220082090	KO	status.find.is(422), but actually found 200
REQUEST	1		Conector IMS HttpCode 400	1559220082101	1559220082155	OK	 
REQUEST	1		Conector IMS HttpCode 400 Redirect 1	1559220082155	1559220082229	OK	 
REQUEST	1		Conector IMS HttpCode 400	1559220082230	1559220082297	OK	 
REQUEST	1		Conector IMS HttpCode 400 Redirect 1	1559220082298	1559220082380	OK	 
REQUEST	1		Conector IMS HttpCode 200	1559220082381	1559220082448	OK	 
REQUEST	1		Conector IMS HttpCode 200 Redirect 1	1559220082448	1559220082545	OK	 
REQUEST	1		Conector IMS HttpCode 200	1559220082546	1559220082603	OK	 
REQUEST	1		Conector IMS HttpCode 200 Redirect 1	1559220082604	1559220082697	OK	 
USER	Cen치rios de Testes Funcionais Conector IMS	1	END	1559220081531	1559220082698
