RUN	com.testingexcellence.simulations.CreateSimulation	createsimulation	1559929904175	 	3.1.2
USER	Testes Funcionais Conector IMS	1	START	1559929906084	1559929906084
REQUEST	1		Request - IMS - Code 200	1559929906126	1559929906469	OK	 
USER	Testes Funcionais Conector IMS	2	START	1559929906571	1559929906571
REQUEST	1		Request - IMS - Code 422	1559929906524	1559929906603	KO	status.find.is(422), but actually found 200
USER	Testes Funcionais Conector IMS	1	END	1559929906084	1559929906627
REQUEST	2		Request - IMS - Code 200	1559929906572	1559929906656	OK	 
REQUEST	2		Request - IMS - Code 422	1559929906658	1559929906731	KO	status.find.is(422), but actually found 200
USER	Testes Funcionais Conector IMS	2	END	1559929906571	1559929906734
USER	Testes Funcionais Conector IMS	3	START	1559929907071	1559929907071
REQUEST	3		Request - IMS - Code 200	1559929907072	1559929907153	OK	 
REQUEST	3		Request - IMS - Code 422	1559929907154	1559929907227	KO	status.find.is(422), but actually found 200
USER	Testes Funcionais Conector IMS	3	END	1559929907071	1559929907229
USER	Testes Funcionais Conector IMS	4	START	1559929907570	1559929907570
REQUEST	4		Request - IMS - Code 200	1559929907571	1559929907638	OK	 
REQUEST	4		Request - IMS - Code 422	1559929907639	1559929907706	KO	status.find.is(422), but actually found 200
USER	Testes Funcionais Conector IMS	4	END	1559929907570	1559929907708
USER	Testes Funcionais Conector IMS	5	START	1559929908068	1559929908068
REQUEST	5		Request - IMS - Code 200	1559929908071	1559929908151	OK	 
REQUEST	5		Request - IMS - Code 422	1559929908152	1559929908215	KO	status.find.is(422), but actually found 200
USER	Testes Funcionais Conector IMS	5	END	1559929908068	1559929908217
USER	Testes Funcionais Conector IMS	6	START	1559929908558	1559929908558
REQUEST	6		Request - IMS - Code 200	1559929908560	1559929908648	OK	 
REQUEST	6		Request - IMS - Code 422	1559929908649	1559929908720	KO	status.find.is(422), but actually found 200
USER	Testes Funcionais Conector IMS	6	END	1559929908558	1559929908722
USER	Testes Funcionais Conector IMS	7	START	1559929909063	1559929909063
REQUEST	7		Request - IMS - Code 200	1559929909065	1559929909154	OK	 
REQUEST	7		Request - IMS - Code 422	1559929909156	1559929909219	KO	status.find.is(422), but actually found 200
USER	Testes Funcionais Conector IMS	7	END	1559929909063	1559929909221
USER	Testes Funcionais Conector IMS	8	START	1559929909569	1559929909569
REQUEST	8		Request - IMS - Code 200	1559929909571	1559929909636	OK	 
REQUEST	8		Request - IMS - Code 422	1559929909637	1559929909702	KO	status.find.is(422), but actually found 200
USER	Testes Funcionais Conector IMS	8	END	1559929909569	1559929909705
USER	Testes Funcionais Conector IMS	9	START	1559929910068	1559929910068
REQUEST	9		Request - IMS - Code 200	1559929910069	1559929910124	OK	 
REQUEST	9		Request - IMS - Code 422	1559929910124	1559929910195	KO	status.find.is(422), but actually found 200
USER	Testes Funcionais Conector IMS	9	END	1559929910068	1559929910197
USER	Testes Funcionais Conector IMS	10	START	1559929910571	1559929910571
REQUEST	10		Request - IMS - Code 200	1559929910575	1559929910655	OK	 
REQUEST	10		Request - IMS - Code 422	1559929910656	1559929910739	KO	status.find.is(422), but actually found 200
USER	Testes Funcionais Conector IMS	10	END	1559929910571	1559929910741
